# JRE version: Java(TM) SE Runtime Environment (8.0_431) (build 1.8.0_431-b10)
# Java VM: Java HotSpot(TM) 64-Bit Server VM (25.431-b10 mixed mode windows-amd64 compressed oops)
Heap:
 PSYoungGen      total 208896K, used 94200K [0x00000000e0000000, 0x00000000f1200000, 0x0000000100000000)
  eden space 194048K, 48% used [0x00000000e0000000,0x00000000e5bfe1a0,0x00000000ebd80000)
  from space 14848K, 0% used [0x00000000ebd80000,0x00000000ebd80000,0x00000000ecc00000)
  to   space 14848K, 0% used [0x00000000f0380000,0x00000000f0380000,0x00000000f1200000)
 ParOldGen       total 114176K, used 28567K [0x00000000a0000000, 0x00000000a6f80000, 0x00000000e0000000)
  object space 114176K, 25% used [0x00000000a0000000,0x00000000a1be5d90,0x00000000a6f80000)
 Metaspace       used 59179K, capacity 63738K, committed 63872K, reserved 1103872K
  class space    used 8701K, capacity 9479K, committed 9600K, reserved 1048576K
GC Heap History (10 events):
Event: 11.655 GC heap before
{Heap before GC invocations=12 (full 2):
 PSYoungGen      total 125952K, used 114176K [0x00000000e0000000, 0x00000000ebb80000, 0x0000000100000000)
  eden space 114176K, 100% used [0x00000000e0000000,0x00000000e6f80000,0x00000000e6f80000)
  from space 11776K, 0% used [0x00000000e6f80000,0x00000000e6f80000,0x00000000e7b00000)
  to   space 12288K, 0% used [0x00000000eaf80000,0x00000000eaf80000,0x00000000ebb80000)
 ParOldGen       total 78848K, used 16812K [0x00000000a0000000, 0x00000000a4d00000, 0x00000000e0000000)
  object space 78848K, 21% used [0x00000000a0000000,0x00000000a106b148,0x00000000a4d00000)
 Metaspace       used 38026K, capacity 40112K, committed 40192K, reserved 1083392K
  class space    used 5393K, capacity 5852K, committed 5888K, reserved 1048576K
Event: 11.662 GC heap after
Heap after GC invocations=12 (full 2):
 PSYoungGen      total 157184K, used 6789K [0x00000000e0000000, 0x00000000eb680000, 0x0000000100000000)
  eden space 150016K, 0% used [0x00000000e0000000,0x00000000e0000000,0x00000000e9280000)
  from space 7168K, 94% used [0x00000000eaf80000,0x00000000eb6216a0,0x00000000eb680000)
  to   space 11776K, 0% used [0x00000000e9f80000,0x00000000e9f80000,0x00000000eab00000)
 ParOldGen       total 78848K, used 16820K [0x00000000a0000000, 0x00000000a4d00000, 0x00000000e0000000)
  object space 78848K, 21% used [0x00000000a0000000,0x00000000a106d148,0x00000000a4d00000)
 Metaspace       used 38026K, capacity 40112K, committed 40192K, reserved 1083392K
  class space    used 5393K, capacity 5852K, committed 5888K, reserved 1048576K
}
Event: 13.804 GC heap before
{Heap before GC invocations=13 (full 2):
 PSYoungGen      total 157184K, used 156805K [0x00000000e0000000, 0x00000000eb680000, 0x0000000100000000)
  eden space 150016K, 100% used [0x00000000e0000000,0x00000000e9280000,0x00000000e9280000)
  from space 7168K, 94% used [0x00000000eaf80000,0x00000000eb6216a0,0x00000000eb680000)
  to   space 11776K, 0% used [0x00000000e9f80000,0x00000000e9f80000,0x00000000eab00000)
 ParOldGen       total 78848K, used 16820K [0x00000000a0000000, 0x00000000a4d00000, 0x00000000e0000000)
  object space 78848K, 21% used [0x00000000a0000000,0x00000000a106d148,0x00000000a4d00000)
 Metaspace       used 46016K, capacity 48906K, committed 49024K, reserved 1091584K
  class space    used 6733K, capacity 7280K, committed 7296K, reserved 1048576K
Event: 13.823 GC heap after
Heap after GC invocations=13 (full 2):
 PSYoungGen      total 175104K, used 11749K [0x00000000e0000000, 0x00000000eda00000, 0x0000000100000000)
  eden space 163328K, 0% used [0x00000000e0000000,0x00000000e0000000,0x00000000e9f80000)
  from space 11776K, 99% used [0x00000000e9f80000,0x00000000eaaf9730,0x00000000eab00000)
  to   space 14336K, 0% used [0x00000000ecc00000,0x00000000ecc00000,0x00000000eda00000)
 ParOldGen       total 78848K, used 19578K [0x00000000a0000000, 0x00000000a4d00000, 0x00000000e0000000)
  object space 78848K, 24% used [0x00000000a0000000,0x00000000a131eae0,0x00000000a4d00000)
 Metaspace       used 46016K, capacity 48906K, committed 49024K, reserved 1091584K
  class space    used 6733K, capacity 7280K, committed 7296K, reserved 1048576K
}
Event: 16.324 GC heap before
{Heap before GC invocations=14 (full 2):
 PSYoungGen      total 175104K, used 175077K [0x00000000e0000000, 0x00000000eda00000, 0x0000000100000000)
  eden space 163328K, 100% used [0x00000000e0000000,0x00000000e9f80000,0x00000000e9f80000)
  from space 11776K, 99% used [0x00000000e9f80000,0x00000000eaaf9730,0x00000000eab00000)
  to   space 14336K, 0% used [0x00000000ecc00000,0x00000000ecc00000,0x00000000eda00000)
 ParOldGen       total 78848K, used 19578K [0x00000000a0000000, 0x00000000a4d00000, 0x00000000e0000000)
  object space 78848K, 24% used [0x00000000a0000000,0x00000000a131eae0,0x00000000a4d00000)
 Metaspace       used 53366K, capacity 56692K, committed 56832K, reserved 1097728K
  class space    used 7733K, capacity 8384K, committed 8448K, reserved 1048576K
Event: 16.354 GC heap after
Heap after GC invocations=14 (full 2):
 PSYoungGen      total 208384K, used 10977K [0x00000000e0000000, 0x00000000eeb00000, 0x0000000100000000)
  eden space 194048K, 0% used [0x00000000e0000000,0x00000000e0000000,0x00000000ebd80000)
  from space 14336K, 76% used [0x00000000ecc00000,0x00000000ed6b8430,0x00000000eda00000)
  to   space 14848K, 0% used [0x00000000ebd80000,0x00000000ebd80000,0x00000000ecc00000)
 ParOldGen       total 78848K, used 28372K [0x00000000a0000000, 0x00000000a4d00000, 0x00000000e0000000)
  object space 78848K, 35% used [0x00000000a0000000,0x00000000a1bb5000,0x00000000a4d00000)
 Metaspace       used 53366K, capacity 56692K, committed 56832K, reserved 1097728K
  class space    used 7733K, capacity 8384K, committed 8448K, reserved 1048576K
}
Event: 17.153 GC heap before
{Heap before GC invocations=15 (full 2):
 PSYoungGen      total 208384K, used 51078K [0x00000000e0000000, 0x00000000eeb00000, 0x0000000100000000)
  eden space 194048K, 20% used [0x00000000e0000000,0x00000000e2729780,0x00000000ebd80000)
  from space 14336K, 76% used [0x00000000ecc00000,0x00000000ed6b8430,0x00000000eda00000)
  to   space 14848K, 0% used [0x00000000ebd80000,0x00000000ebd80000,0x00000000ecc00000)
 ParOldGen       total 78848K, used 28372K [0x00000000a0000000, 0x00000000a4d00000, 0x00000000e0000000)
  object space 78848K, 35% used [0x00000000a0000000,0x00000000a1bb5000,0x00000000a4d00000)
 Metaspace       used 55375K, capacity 59100K, committed 59160K, reserved 1099776K
  class space    used 8086K, capacity 8792K, committed 8832K, reserved 1048576K
Event: 17.164 GC heap after
Heap after GC invocations=15 (full 2):
 PSYoungGen      total 208896K, used 2534K [0x00000000e0000000, 0x00000000f1200000, 0x0000000100000000)
  eden space 194048K, 0% used [0x00000000e0000000,0x00000000e0000000,0x00000000ebd80000)
  from space 14848K, 17% used [0x00000000ebd80000,0x00000000ebff98d8,0x00000000ecc00000)
  to   space 14848K, 0% used [0x00000000f0380000,0x00000000f0380000,0x00000000f1200000)
 ParOldGen       total 78848K, used 31468K [0x00000000a0000000, 0x00000000a4d00000, 0x00000000e0000000)
  object space 78848K, 39% used [0x00000000a0000000,0x00000000a1ebb010,0x00000000a4d00000)
 Metaspace       used 55375K, capacity 59100K, committed 59160K, reserved 1099776K
  class space    used 8086K, capacity 8792K, committed 8832K, reserved 1048576K
}
Event: 17.164 GC heap before
{Heap before GC invocations=16 (full 3):
 PSYoungGen      total 208896K, used 2534K [0x00000000e0000000, 0x00000000f1200000, 0x0000000100000000)
  eden space 194048K, 0% used [0x00000000e0000000,0x00000000e0000000,0x00000000ebd80000)
  from space 14848K, 17% used [0x00000000ebd80000,0x00000000ebff98d8,0x00000000ecc00000)
  to   space 14848K, 0% used [0x00000000f0380000,0x00000000f0380000,0x00000000f1200000)
 ParOldGen       total 78848K, used 31468K [0x00000000a0000000, 0x00000000a4d00000, 0x00000000e0000000)
  object space 78848K, 39% used [0x00000000a0000000,0x00000000a1ebb010,0x00000000a4d00000)
 Metaspace       used 55375K, capacity 59100K, committed 59160K, reserved 1099776K
  class space    used 8086K, capacity 8792K, committed 8832K, reserved 1048576K
Event: 17.436 GC heap after
Heap after GC invocations=16 (full 3):
 PSYoungGen      total 208896K, used 0K [0x00000000e0000000, 0x00000000f1200000, 0x0000000100000000)
  eden space 194048K, 0% used [0x00000000e0000000,0x00000000e0000000,0x00000000ebd80000)
  from space 14848K, 0% used [0x00000000ebd80000,0x00000000ebd80000,0x00000000ecc00000)
  to   space 14848K, 0% used [0x00000000f0380000,0x00000000f0380000,0x00000000f1200000)
 ParOldGen       total 114176K, used 28567K [0x00000000a0000000, 0x00000000a6f80000, 0x00000000e0000000)
  object space 114176K, 25% used [0x00000000a0000000,0x00000000a1be5d90,0x00000000a6f80000)
 Metaspace       used 55375K, capacity 59100K, committed 59160K, reserved 1099776K
  class space    used 8086K, capacity 8792K, committed 8832K, reserved 1048576K
}

