# JRE version: Java(TM) SE Runtime Environment (8.0_431) (build 1.8.0_431-b10)
# Java VM: Java HotSpot(TM) 64-Bit Server VM (25.431-b10 mixed mode windows-amd64 compressed oops)
Heap:
 PSYoungGen      total 195584K, used 23028K [0x00000000e0000000, 0x00000000ed300000, 0x0000000100000000)
  eden space 179712K, 12% used [0x00000000e0000000,0x00000000e167d398,0x00000000eaf80000)
  from space 15872K, 0% used [0x00000000eaf80000,0x00000000eaf80000,0x00000000ebf00000)
  to   space 14336K, 0% used [0x00000000ebf00000,0x00000000ebf00000,0x00000000ecd00000)
 ParOldGen       total 128000K, used 29261K [0x00000000a0000000, 0x00000000a7d00000, 0x00000000e0000000)
  object space 128000K, 22% used [0x00000000a0000000,0x00000000a1c93740,0x00000000a7d00000)
 Metaspace       used 56529K, capacity 60748K, committed 60800K, reserved 1101824K
  class space    used 8313K, capacity 9080K, committed 9088K, reserved 1048576K
GC Heap History (10 events):
Event: 6.241 GC heap before
{Heap before GC invocations=12 (full 2):
 PSYoungGen      total 137216K, used 127488K [0x00000000e0000000, 0x00000000ea580000, 0x0000000100000000)
  eden space 127488K, 100% used [0x00000000e0000000,0x00000000e7c80000,0x00000000e7c80000)
  from space 9728K, 0% used [0x00000000e7c80000,0x00000000e7c80000,0x00000000e8600000)
  to   space 12288K, 0% used [0x00000000e9980000,0x00000000e9980000,0x00000000ea580000)
 ParOldGen       total 93184K, used 20373K [0x00000000a0000000, 0x00000000a5b00000, 0x00000000e0000000)
  object space 93184K, 21% used [0x00000000a0000000,0x00000000a13e56a0,0x00000000a5b00000)
 Metaspace       used 38797K, capacity 41082K, committed 41216K, reserved 1085440K
  class space    used 5536K, capacity 6041K, committed 6144K, reserved 1048576K
Event: 6.248 GC heap after
Heap after GC invocations=12 (full 2):
 PSYoungGen      total 157696K, used 7931K [0x00000000e0000000, 0x00000000eb300000, 0x0000000100000000)
  eden space 145408K, 0% used [0x00000000e0000000,0x00000000e0000000,0x00000000e8e00000)
  from space 12288K, 64% used [0x00000000e9980000,0x00000000ea13ee70,0x00000000ea580000)
  to   space 11776K, 0% used [0x00000000e8e00000,0x00000000e8e00000,0x00000000e9980000)
 ParOldGen       total 93184K, used 20381K [0x00000000a0000000, 0x00000000a5b00000, 0x00000000e0000000)
  object space 93184K, 21% used [0x00000000a0000000,0x00000000a13e76a0,0x00000000a5b00000)
 Metaspace       used 38797K, capacity 41082K, committed 41216K, reserved 1085440K
  class space    used 5536K, capacity 6041K, committed 6144K, reserved 1048576K
}
Event: 7.492 GC heap before
{Heap before GC invocations=13 (full 2):
 PSYoungGen      total 157696K, used 153339K [0x00000000e0000000, 0x00000000eb300000, 0x0000000100000000)
  eden space 145408K, 100% used [0x00000000e0000000,0x00000000e8e00000,0x00000000e8e00000)
  from space 12288K, 64% used [0x00000000e9980000,0x00000000ea13ee70,0x00000000ea580000)
  to   space 11776K, 0% used [0x00000000e8e00000,0x00000000e8e00000,0x00000000e9980000)
 ParOldGen       total 93184K, used 20381K [0x00000000a0000000, 0x00000000a5b00000, 0x00000000e0000000)
  object space 93184K, 21% used [0x00000000a0000000,0x00000000a13e76a0,0x00000000a5b00000)
 Metaspace       used 46473K, capacity 49440K, committed 49664K, reserved 1091584K
  class space    used 6786K, capacity 7349K, committed 7424K, reserved 1048576K
Event: 7.507 GC heap after
Heap after GC invocations=13 (full 2):
 PSYoungGen      total 157184K, used 11773K [0x00000000e0000000, 0x00000000ecd00000, 0x0000000100000000)
  eden space 145408K, 0% used [0x00000000e0000000,0x00000000e0000000,0x00000000e8e00000)
  from space 11776K, 99% used [0x00000000e8e00000,0x00000000e997f448,0x00000000e9980000)
  to   space 14336K, 0% used [0x00000000ebf00000,0x00000000ebf00000,0x00000000ecd00000)
 ParOldGen       total 93184K, used 23041K [0x00000000a0000000, 0x00000000a5b00000, 0x00000000e0000000)
  object space 93184K, 24% used [0x00000000a0000000,0x00000000a1680550,0x00000000a5b00000)
 Metaspace       used 46473K, capacity 49440K, committed 49664K, reserved 1091584K
  class space    used 6786K, capacity 7349K, committed 7424K, reserved 1048576K
}
Event: 8.829 GC heap before
{Heap before GC invocations=14 (full 2):
 PSYoungGen      total 157184K, used 157181K [0x00000000e0000000, 0x00000000ecd00000, 0x0000000100000000)
  eden space 145408K, 100% used [0x00000000e0000000,0x00000000e8e00000,0x00000000e8e00000)
  from space 11776K, 99% used [0x00000000e8e00000,0x00000000e997f448,0x00000000e9980000)
  to   space 14336K, 0% used [0x00000000ebf00000,0x00000000ebf00000,0x00000000ecd00000)
 ParOldGen       total 93184K, used 23041K [0x00000000a0000000, 0x00000000a5b00000, 0x00000000e0000000)
  object space 93184K, 24% used [0x00000000a0000000,0x00000000a1680550,0x00000000a5b00000)
 Metaspace       used 52944K, capacity 56184K, committed 56192K, reserved 1097728K
  class space    used 7662K, capacity 8318K, committed 8320K, reserved 1048576K
Event: 8.855 GC heap after
Heap after GC invocations=14 (full 2):
 PSYoungGen      total 194048K, used 13779K [0x00000000e0000000, 0x00000000ed300000, 0x0000000100000000)
  eden space 179712K, 0% used [0x00000000e0000000,0x00000000e0000000,0x00000000eaf80000)
  from space 14336K, 96% used [0x00000000ebf00000,0x00000000ecc74e60,0x00000000ecd00000)
  to   space 15872K, 0% used [0x00000000eaf80000,0x00000000eaf80000,0x00000000ebf00000)
 ParOldGen       total 93184K, used 27980K [0x00000000a0000000, 0x00000000a5b00000, 0x00000000e0000000)
  object space 93184K, 30% used [0x00000000a0000000,0x00000000a1b53370,0x00000000a5b00000)
 Metaspace       used 52944K, capacity 56184K, committed 56192K, reserved 1097728K
  class space    used 7662K, capacity 8318K, committed 8320K, reserved 1048576K
}
Event: 9.359 GC heap before
{Heap before GC invocations=15 (full 2):
 PSYoungGen      total 194048K, used 61501K [0x00000000e0000000, 0x00000000ed300000, 0x0000000100000000)
  eden space 179712K, 26% used [0x00000000e0000000,0x00000000e2e9a680,0x00000000eaf80000)
  from space 14336K, 96% used [0x00000000ebf00000,0x00000000ecc74e60,0x00000000ecd00000)
  to   space 15872K, 0% used [0x00000000eaf80000,0x00000000eaf80000,0x00000000ebf00000)
 ParOldGen       total 93184K, used 27980K [0x00000000a0000000, 0x00000000a5b00000, 0x00000000e0000000)
  object space 93184K, 30% used [0x00000000a0000000,0x00000000a1b53370,0x00000000a5b00000)
 Metaspace       used 55362K, capacity 59102K, committed 59160K, reserved 1099776K
  class space    used 8088K, capacity 8795K, committed 8832K, reserved 1048576K
Event: 9.369 GC heap after
Heap after GC invocations=15 (full 2):
 PSYoungGen      total 195584K, used 9858K [0x00000000e0000000, 0x00000000ed300000, 0x0000000100000000)
  eden space 179712K, 0% used [0x00000000e0000000,0x00000000e0000000,0x00000000eaf80000)
  from space 15872K, 62% used [0x00000000eaf80000,0x00000000eb920a78,0x00000000ebf00000)
  to   space 14336K, 0% used [0x00000000ebf00000,0x00000000ebf00000,0x00000000ecd00000)
 ParOldGen       total 93184K, used 27988K [0x00000000a0000000, 0x00000000a5b00000, 0x00000000e0000000)
  object space 93184K, 30% used [0x00000000a0000000,0x00000000a1b55370,0x00000000a5b00000)
 Metaspace       used 55362K, capacity 59102K, committed 59160K, reserved 1099776K
  class space    used 8088K, capacity 8795K, committed 8832K, reserved 1048576K
}
Event: 9.370 GC heap before
{Heap before GC invocations=16 (full 3):
 PSYoungGen      total 195584K, used 9858K [0x00000000e0000000, 0x00000000ed300000, 0x0000000100000000)
  eden space 179712K, 0% used [0x00000000e0000000,0x00000000e0000000,0x00000000eaf80000)
  from space 15872K, 62% used [0x00000000eaf80000,0x00000000eb920a78,0x00000000ebf00000)
  to   space 14336K, 0% used [0x00000000ebf00000,0x00000000ebf00000,0x00000000ecd00000)
 ParOldGen       total 93184K, used 27988K [0x00000000a0000000, 0x00000000a5b00000, 0x00000000e0000000)
  object space 93184K, 30% used [0x00000000a0000000,0x00000000a1b55370,0x00000000a5b00000)
 Metaspace       used 55362K, capacity 59102K, committed 59160K, reserved 1099776K
  class space    used 8088K, capacity 8795K, committed 8832K, reserved 1048576K
Event: 9.514 GC heap after
Heap after GC invocations=16 (full 3):
 PSYoungGen      total 195584K, used 0K [0x00000000e0000000, 0x00000000ed300000, 0x0000000100000000)
  eden space 179712K, 0% used [0x00000000e0000000,0x00000000e0000000,0x00000000eaf80000)
  from space 15872K, 0% used [0x00000000eaf80000,0x00000000eaf80000,0x00000000ebf00000)
  to   space 14336K, 0% used [0x00000000ebf00000,0x00000000ebf00000,0x00000000ecd00000)
 ParOldGen       total 128000K, used 29261K [0x00000000a0000000, 0x00000000a7d00000, 0x00000000e0000000)
  object space 128000K, 22% used [0x00000000a0000000,0x00000000a1c93740,0x00000000a7d00000)
 Metaspace       used 55362K, capacity 59102K, committed 59160K, reserved 1099776K
  class space    used 8088K, capacity 8795K, committed 8832K, reserved 1048576K
}

